<?xml version="1.0" encoding="UTF-8"?>
<testsuite name="Test"
           tests="2"
           failures="1"
           errors="0"
           skipped="1"
           time="0.003">
  <properties />
            <testcase name="startBrowser" time="0.003" classname="testingWorldPractice.TC007_keyword_mouse_singleKey">
                <failure type="java.lang.IllegalStateException"
                  message="The driver executable must exist: C:\Users\deepak_chandra\eclipse-workspace\POM\.\Driver\chromedriver.exe"
              >
<![CDATA[java.lang.IllegalStateException: The driver executable must exist: C:\Users\deepak_chandra\eclipse-workspace\POM\.\Driver\chromedriver.exe
  org.openqa.selenium.internal.Require$FileStateChecker.isFile(Require.java:345)
  org.openqa.selenium.remote.service.DriverService.checkExecutable(DriverService.java:160)
  org.openqa.selenium.remote.service.DriverService.findExecutable(DriverService.java:155)
  org.openqa.selenium.chrome.ChromeDriverService.access$000(ChromeDriverService.java:39)
  org.openqa.selenium.chrome.ChromeDriverService$Builder.findDefaultExecutable(ChromeDriverService.java:233)
  org.openqa.selenium.remote.service.DriverService$Builder.build(DriverService.java:450)
  org.openqa.selenium.chrome.ChromeDriverService.createDefaultService(ChromeDriverService.java:128)
  org.openqa.selenium.chrome.ChromeDriver.<init>(ChromeDriver.java:49)
  testingWorldPractice.TC007_keyword_mouse_singleKey.startBrowser(TC007_keyword_mouse_singleKey.java:18)
  java.base/jdk.internal.reflect.NativeMethodAccessorImpl.invoke0(Native Method)
  java.base/jdk.internal.reflect.NativeMethodAccessorImpl.invoke(NativeMethodAccessorImpl.java:77)
  java.base/jdk.internal.reflect.DelegatingMethodAccessorImpl.invoke(DelegatingMethodAccessorImpl.java:43)
  java.base/java.lang.reflect.Method.invoke(Method.java:568)
  org.testng.internal.MethodInvocationHelper.invokeMethod(MethodInvocationHelper.java:133)
  org.testng.internal.MethodInvocationHelper.invokeMethodConsideringTimeout(MethodInvocationHelper.java:62)
  org.testng.internal.ConfigInvoker.invokeConfigurationMethod(ConfigInvoker.java:385)
  org.testng.internal.ConfigInvoker.invokeConfigurations(ConfigInvoker.java:321)
  org.testng.internal.TestInvoker.runConfigMethods(TestInvoker.java:700)
  org.testng.internal.TestInvoker.invokeMethod(TestInvoker.java:527)
  org.testng.internal.TestInvoker.invokeTestMethod(TestInvoker.java:173)
  org.testng.internal.MethodRunner.runInSequence(MethodRunner.java:46)
  org.testng.internal.TestInvoker$MethodInvocationAgent.invoke(TestInvoker.java:824)
  org.testng.internal.TestInvoker.invokeTestMethods(TestInvoker.java:146)
  org.testng.internal.TestMethodWorker.invokeTestMethods(TestMethodWorker.java:146)
  org.testng.internal.TestMethodWorker.run(TestMethodWorker.java:128)
  java.base/java.util.ArrayList.forEach(ArrayList.java:1511)
  org.testng.TestRunner.privateRun(TestRunner.java:794)
  org.testng.TestRunner.run(TestRunner.java:596)
  org.testng.SuiteRunner.runTest(SuiteRunner.java:377)
  org.testng.SuiteRunner.runSequentially(SuiteRunner.java:371)
  org.testng.SuiteRunner.privateRun(SuiteRunner.java:332)
  org.testng.SuiteRunner.run(SuiteRunner.java:276)
  org.testng.SuiteRunnerWorker.runSuite(SuiteRunnerWorker.java:53)
  org.testng.SuiteRunnerWorker.run(SuiteRunnerWorker.java:96)
  org.testng.TestNG.runSuitesSequentially(TestNG.java:1212)
  org.testng.TestNG.runSuitesLocally(TestNG.java:1134)
  org.testng.TestNG.runSuites(TestNG.java:1063)
  org.testng.TestNG.run(TestNG.java:1031)
  org.testng.remote.AbstractRemoteTestNG.run(AbstractRemoteTestNG.java:115)
  org.testng.remote.RemoteTestNG.initAndRun(RemoteTestNG.java:251)
  org.testng.remote.RemoteTestNG.main(RemoteTestNG.java:77)
]]>
      </failure>

          </testcase>
  
            <testcase name="tc001" time="0.0" classname="testingWorldPractice.TC007_keyword_mouse_singleKey">
          <skipped />
    </testcase>
  
  
</testsuite>
